[2023-06-02T09:38:26.066+0700][gc,init] CardTable entry size: 512
[2023-06-02T09:38:26.066+0700][gc     ] Using G1
[2023-06-02T09:38:26.067+0700][gc,init] Version: 19.0.2+7-44 (release)
[2023-06-02T09:38:26.067+0700][gc,init] CPUs: 8 total, 8 available
[2023-06-02T09:38:26.067+0700][gc,init] Memory: 16384M
[2023-06-02T09:38:26.067+0700][gc,init] Large Page Support: Disabled
[2023-06-02T09:38:26.067+0700][gc,init] NUMA Support: Disabled
[2023-06-02T09:38:26.067+0700][gc,init] Compressed Oops: Enabled (Zero based)
[2023-06-02T09:38:26.067+0700][gc,init] Heap Region Size: 1M
[2023-06-02T09:38:26.067+0700][gc,init] Heap Min Capacity: 1G
[2023-06-02T09:38:26.067+0700][gc,init] Heap Initial Capacity: 1G
[2023-06-02T09:38:26.067+0700][gc,init] Heap Max Capacity: 1G
[2023-06-02T09:38:26.067+0700][gc,init] Pre-touch: Disabled
[2023-06-02T09:38:26.067+0700][gc,init] Parallel Workers: 8
[2023-06-02T09:38:26.067+0700][gc,init] Concurrent Workers: 2
[2023-06-02T09:38:26.067+0700][gc,init] Concurrent Refinement Workers: 8
[2023-06-02T09:38:26.067+0700][gc,init] Periodic GC: Disabled
[2023-06-02T09:38:26.067+0700][gc,metaspace] CDS archive(s) mapped at: [0x0000000800000000-0x0000000800c44000-0x0000000800c44000), size 12861440, SharedBaseAddress: 0x0000000800000000, ArchiveRelocationMode: 0.
[2023-06-02T09:38:26.067+0700][gc,metaspace] Compressed class space mapped at: 0x0000000801000000-0x0000000841000000, reserved size: 1073741824
[2023-06-02T09:38:26.067+0700][gc,metaspace] Narrow klass base: 0x0000000800000000, Narrow klass shift: 0, Narrow klass range: 0x100000000
[2023-06-02T09:38:26.575+0700][gc,start    ] GC(0) Pause Young (Normal) (G1 Evacuation Pause)
[2023-06-02T09:38:26.576+0700][gc,task     ] GC(0) Using 8 workers of 8 for evacuation
[2023-06-02T09:38:26.578+0700][gc,phases   ] GC(0)   Pre Evacuate Collection Set: 0.1ms
[2023-06-02T09:38:26.578+0700][gc,phases   ] GC(0)   Merge Heap Roots: 0.0ms
[2023-06-02T09:38:26.578+0700][gc,phases   ] GC(0)   Evacuate Collection Set: 1.7ms
[2023-06-02T09:38:26.578+0700][gc,phases   ] GC(0)   Post Evacuate Collection Set: 0.2ms
[2023-06-02T09:38:26.578+0700][gc,phases   ] GC(0)   Other: 0.2ms
[2023-06-02T09:38:26.578+0700][gc,heap     ] GC(0) Eden regions: 51->0(44)
[2023-06-02T09:38:26.578+0700][gc,heap     ] GC(0) Survivor regions: 0->7(7)
[2023-06-02T09:38:26.578+0700][gc,heap     ] GC(0) Old regions: 0->1
[2023-06-02T09:38:26.578+0700][gc,heap     ] GC(0) Archive regions: 2->2
[2023-06-02T09:38:26.578+0700][gc,heap     ] GC(0) Humongous regions: 0->0
[2023-06-02T09:38:26.578+0700][gc,metaspace] GC(0) Metaspace: 18355K(18624K)->18355K(18624K) NonClass: 16289K(16448K)->16289K(16448K) Class: 2066K(2176K)->2066K(2176K)
[2023-06-02T09:38:26.578+0700][gc          ] GC(0) Pause Young (Normal) (G1 Evacuation Pause) 51M->8M(1024M) 2.372ms
[2023-06-02T09:38:26.578+0700][gc,cpu      ] GC(0) User=0.01s Sys=0.01s Real=0.00s
[2023-06-02T09:38:26.652+0700][gc,start    ] GC(1) Pause Young (Concurrent Start) (Metadata GC Threshold)
[2023-06-02T09:38:26.652+0700][gc,task     ] GC(1) Using 8 workers of 8 for evacuation
[2023-06-02T09:38:26.654+0700][gc,phases   ] GC(1)   Pre Evacuate Collection Set: 0.1ms
[2023-06-02T09:38:26.654+0700][gc,phases   ] GC(1)   Merge Heap Roots: 0.0ms
[2023-06-02T09:38:26.654+0700][gc,phases   ] GC(1)   Evacuate Collection Set: 2.5ms
[2023-06-02T09:38:26.654+0700][gc,phases   ] GC(1)   Post Evacuate Collection Set: 0.2ms
[2023-06-02T09:38:26.655+0700][gc,phases   ] GC(1)   Other: 0.0ms
[2023-06-02T09:38:26.655+0700][gc,heap     ] GC(1) Eden regions: 12->0(49)
[2023-06-02T09:38:26.655+0700][gc,heap     ] GC(1) Survivor regions: 7->2(7)
[2023-06-02T09:38:26.655+0700][gc,heap     ] GC(1) Old regions: 1->8
[2023-06-02T09:38:26.655+0700][gc,heap     ] GC(1) Archive regions: 2->2
[2023-06-02T09:38:26.655+0700][gc,heap     ] GC(1) Humongous regions: 0->0
[2023-06-02T09:38:26.655+0700][gc,metaspace] GC(1) Metaspace: 21298K(21504K)->21298K(21504K) NonClass: 18865K(19008K)->18865K(19008K) Class: 2432K(2496K)->2432K(2496K)
[2023-06-02T09:38:26.655+0700][gc          ] GC(1) Pause Young (Concurrent Start) (Metadata GC Threshold) 19M->9M(1024M) 2.939ms
[2023-06-02T09:38:26.655+0700][gc          ] GC(2) Concurrent Mark Cycle
[2023-06-02T09:38:26.655+0700][gc,cpu      ] GC(1) User=0.02s Sys=0.01s Real=0.00s
[2023-06-02T09:38:26.655+0700][gc,marking  ] GC(2) Concurrent Clear Claimed Marks
[2023-06-02T09:38:26.655+0700][gc,marking  ] GC(2) Concurrent Clear Claimed Marks 0.014ms
[2023-06-02T09:38:26.655+0700][gc,marking  ] GC(2) Concurrent Scan Root Regions
[2023-06-02T09:38:26.656+0700][gc,marking  ] GC(2) Concurrent Scan Root Regions 1.141ms
[2023-06-02T09:38:26.656+0700][gc,marking  ] GC(2) Concurrent Mark
[2023-06-02T09:38:26.656+0700][gc,marking  ] GC(2) Concurrent Mark From Roots
[2023-06-02T09:38:26.656+0700][gc,task     ] GC(2) Using 2 workers of 2 for marking
[2023-06-02T09:38:26.656+0700][gc,marking  ] GC(2) Concurrent Mark From Roots 0.311ms
[2023-06-02T09:38:26.656+0700][gc,marking  ] GC(2) Concurrent Preclean
[2023-06-02T09:38:26.656+0700][gc,marking  ] GC(2) Concurrent Preclean 0.006ms
[2023-06-02T09:38:26.656+0700][gc,start    ] GC(2) Pause Remark
[2023-06-02T09:38:26.657+0700][gc          ] GC(2) Pause Remark 10M->10M(1024M) 0.697ms
[2023-06-02T09:38:26.657+0700][gc,cpu      ] GC(2) User=0.00s Sys=0.00s Real=0.00s
[2023-06-02T09:38:26.657+0700][gc,marking  ] GC(2) Concurrent Mark 1.103ms
[2023-06-02T09:38:26.657+0700][gc,marking  ] GC(2) Concurrent Rebuild Remembered Sets
[2023-06-02T09:38:26.658+0700][gc,marking  ] GC(2) Concurrent Rebuild Remembered Sets 1.347ms
[2023-06-02T09:38:26.658+0700][gc,start    ] GC(2) Pause Cleanup
[2023-06-02T09:38:26.658+0700][gc          ] GC(2) Pause Cleanup 10M->10M(1024M) 0.056ms
[2023-06-02T09:38:26.658+0700][gc,cpu      ] GC(2) User=0.00s Sys=0.00s Real=0.00s
[2023-06-02T09:38:26.658+0700][gc,marking  ] GC(2) Concurrent Cleanup for Next Mark
[2023-06-02T09:38:26.659+0700][gc,marking  ] GC(2) Concurrent Cleanup for Next Mark 1.108ms
[2023-06-02T09:38:26.659+0700][gc          ] GC(2) Concurrent Mark Cycle 4.879ms
[2023-06-02T09:38:27.054+0700][gc,start    ] GC(3) Pause Young (Normal) (G1 Evacuation Pause)
[2023-06-02T09:38:27.054+0700][gc,task     ] GC(3) Using 8 workers of 8 for evacuation
[2023-06-02T09:38:27.055+0700][gc,phases   ] GC(3)   Pre Evacuate Collection Set: 0.1ms
[2023-06-02T09:38:27.056+0700][gc,phases   ] GC(3)   Merge Heap Roots: 0.0ms
[2023-06-02T09:38:27.056+0700][gc,phases   ] GC(3)   Evacuate Collection Set: 1.4ms
[2023-06-02T09:38:27.056+0700][gc,phases   ] GC(3)   Post Evacuate Collection Set: 0.2ms
[2023-06-02T09:38:27.056+0700][gc,phases   ] GC(3)   Other: 0.0ms
[2023-06-02T09:38:27.056+0700][gc,heap     ] GC(3) Eden regions: 49->0(45)
[2023-06-02T09:38:27.056+0700][gc,heap     ] GC(3) Survivor regions: 2->6(7)
[2023-06-02T09:38:27.056+0700][gc,heap     ] GC(3) Old regions: 8->8
[2023-06-02T09:38:27.056+0700][gc,heap     ] GC(3) Archive regions: 2->2
[2023-06-02T09:38:27.056+0700][gc,heap     ] GC(3) Humongous regions: 129->129
[2023-06-02T09:38:27.056+0700][gc,metaspace] GC(3) Metaspace: 31509K(31872K)->31509K(31872K) NonClass: 28067K(28288K)->28067K(28288K) Class: 3442K(3584K)->3442K(3584K)
[2023-06-02T09:38:27.056+0700][gc          ] GC(3) Pause Young (Normal) (G1 Evacuation Pause) 187M->142M(1024M) 1.823ms
[2023-06-02T09:38:27.056+0700][gc,cpu      ] GC(3) User=0.01s Sys=0.00s Real=0.00s
[2023-06-02T09:38:27.130+0700][gc,start    ] GC(4) Pause Young (Concurrent Start) (Metadata GC Threshold)
[2023-06-02T09:38:27.130+0700][gc,task     ] GC(4) Using 8 workers of 8 for evacuation
[2023-06-02T09:38:27.133+0700][gc,phases   ] GC(4)   Pre Evacuate Collection Set: 0.2ms
[2023-06-02T09:38:27.133+0700][gc,phases   ] GC(4)   Merge Heap Roots: 0.0ms
[2023-06-02T09:38:27.133+0700][gc,phases   ] GC(4)   Evacuate Collection Set: 1.9ms
[2023-06-02T09:38:27.133+0700][gc,phases   ] GC(4)   Post Evacuate Collection Set: 0.2ms
[2023-06-02T09:38:27.133+0700][gc,phases   ] GC(4)   Other: 0.0ms
[2023-06-02T09:38:27.133+0700][gc,heap     ] GC(4) Eden regions: 18->0(49)
[2023-06-02T09:38:27.133+0700][gc,heap     ] GC(4) Survivor regions: 6->2(7)
[2023-06-02T09:38:27.133+0700][gc,heap     ] GC(4) Old regions: 8->13
[2023-06-02T09:38:27.133+0700][gc,heap     ] GC(4) Archive regions: 2->2
[2023-06-02T09:38:27.133+0700][gc,heap     ] GC(4) Humongous regions: 129->129
[2023-06-02T09:38:27.133+0700][gc,metaspace] GC(4) Metaspace: 35876K(36160K)->35876K(36160K) NonClass: 32037K(32192K)->32037K(32192K) Class: 3839K(3968K)->3839K(3968K)
[2023-06-02T09:38:27.133+0700][gc          ] GC(4) Pause Young (Concurrent Start) (Metadata GC Threshold) 160M->144M(1024M) 2.463ms
[2023-06-02T09:38:27.133+0700][gc          ] GC(5) Concurrent Mark Cycle
[2023-06-02T09:38:27.133+0700][gc,cpu      ] GC(4) User=0.01s Sys=0.00s Real=0.00s
[2023-06-02T09:38:27.133+0700][gc,marking  ] GC(5) Concurrent Clear Claimed Marks
[2023-06-02T09:38:27.133+0700][gc,marking  ] GC(5) Concurrent Clear Claimed Marks 0.014ms
[2023-06-02T09:38:27.133+0700][gc,marking  ] GC(5) Concurrent Scan Root Regions
[2023-06-02T09:38:27.135+0700][gc,marking  ] GC(5) Concurrent Scan Root Regions 1.823ms
[2023-06-02T09:38:27.135+0700][gc,marking  ] GC(5) Concurrent Mark
[2023-06-02T09:38:27.135+0700][gc,marking  ] GC(5) Concurrent Mark From Roots
[2023-06-02T09:38:27.135+0700][gc,task     ] GC(5) Using 2 workers of 2 for marking
[2023-06-02T09:38:27.137+0700][gc,marking  ] GC(5) Concurrent Mark From Roots 2.578ms
[2023-06-02T09:38:27.137+0700][gc,marking  ] GC(5) Concurrent Preclean
[2023-06-02T09:38:27.137+0700][gc,marking  ] GC(5) Concurrent Preclean 0.061ms
[2023-06-02T09:38:27.138+0700][gc,start    ] GC(5) Pause Remark
[2023-06-02T09:38:27.138+0700][gc          ] GC(5) Pause Remark 146M->146M(1024M) 0.738ms
[2023-06-02T09:38:27.138+0700][gc,cpu      ] GC(5) User=0.01s Sys=0.00s Real=0.00s
[2023-06-02T09:38:27.138+0700][gc,marking  ] GC(5) Concurrent Mark 3.603ms
[2023-06-02T09:38:27.138+0700][gc,marking  ] GC(5) Concurrent Rebuild Remembered Sets
[2023-06-02T09:38:27.141+0700][gc,marking  ] GC(5) Concurrent Rebuild Remembered Sets 2.588ms
[2023-06-02T09:38:27.141+0700][gc,start    ] GC(5) Pause Cleanup
[2023-06-02T09:38:27.141+0700][gc          ] GC(5) Pause Cleanup 146M->146M(1024M) 0.068ms
[2023-06-02T09:38:27.141+0700][gc,cpu      ] GC(5) User=0.00s Sys=0.00s Real=0.00s
[2023-06-02T09:38:27.141+0700][gc,marking  ] GC(5) Concurrent Cleanup for Next Mark
[2023-06-02T09:38:27.143+0700][gc,marking  ] GC(5) Concurrent Cleanup for Next Mark 1.440ms
[2023-06-02T09:38:27.143+0700][gc          ] GC(5) Concurrent Mark Cycle 9.784ms
[2023-06-02T09:52:17.309+0700][gc,start    ] GC(6) Pause Young (Prepare Mixed) (G1 Evacuation Pause)
[2023-06-02T09:52:17.310+0700][gc,task     ] GC(6) Using 8 workers of 8 for evacuation
[2023-06-02T09:52:17.330+0700][gc,phases   ] GC(6)   Pre Evacuate Collection Set: 0.7ms
[2023-06-02T09:52:17.330+0700][gc,phases   ] GC(6)   Merge Heap Roots: 0.3ms
[2023-06-02T09:52:17.330+0700][gc,phases   ] GC(6)   Evacuate Collection Set: 18.2ms
[2023-06-02T09:52:17.330+0700][gc,phases   ] GC(6)   Post Evacuate Collection Set: 0.6ms
[2023-06-02T09:52:17.330+0700][gc,phases   ] GC(6)   Other: 0.3ms
[2023-06-02T09:52:17.330+0700][gc,heap     ] GC(6) Eden regions: 49->0(47)
[2023-06-02T09:52:17.330+0700][gc,heap     ] GC(6) Survivor regions: 2->4(7)
[2023-06-02T09:52:17.330+0700][gc,heap     ] GC(6) Old regions: 13->13
[2023-06-02T09:52:17.330+0700][gc,heap     ] GC(6) Archive regions: 2->2
[2023-06-02T09:52:17.330+0700][gc,heap     ] GC(6) Humongous regions: 183->129
[2023-06-02T09:52:17.330+0700][gc,metaspace] GC(6) Metaspace: 40970K(41536K)->40970K(41536K) NonClass: 36255K(36544K)->36255K(36544K) Class: 4714K(4992K)->4714K(4992K)
[2023-06-02T09:52:17.330+0700][gc          ] GC(6) Pause Young (Prepare Mixed) (G1 Evacuation Pause) 247M->146M(1024M) 21.483ms
[2023-06-02T09:52:17.330+0700][gc,cpu      ] GC(6) User=0.02s Sys=0.05s Real=0.03s
[2023-06-02T10:16:28.789+0700][gc,start    ] GC(7) Pause Young (Mixed) (G1 Evacuation Pause)
[2023-06-02T10:16:28.790+0700][gc,task     ] GC(7) Using 8 workers of 8 for evacuation
[2023-06-02T10:16:28.809+0700][gc,phases   ] GC(7)   Pre Evacuate Collection Set: 0.5ms
[2023-06-02T10:16:28.809+0700][gc,phases   ] GC(7)   Merge Heap Roots: 0.2ms
[2023-06-02T10:16:28.809+0700][gc,phases   ] GC(7)   Evacuate Collection Set: 17.3ms
[2023-06-02T10:16:28.809+0700][gc,phases   ] GC(7)   Post Evacuate Collection Set: 1.3ms
[2023-06-02T10:16:28.809+0700][gc,phases   ] GC(7)   Other: 0.2ms
[2023-06-02T10:16:28.809+0700][gc,heap     ] GC(7) Eden regions: 47->0(45)
[2023-06-02T10:16:28.809+0700][gc,heap     ] GC(7) Survivor regions: 4->6(7)
[2023-06-02T10:16:28.809+0700][gc,heap     ] GC(7) Old regions: 13->13
[2023-06-02T10:16:28.809+0700][gc,heap     ] GC(7) Archive regions: 2->2
[2023-06-02T10:16:28.809+0700][gc,heap     ] GC(7) Humongous regions: 129->129
[2023-06-02T10:16:28.809+0700][gc,metaspace] GC(7) Metaspace: 42796K(43456K)->42796K(43456K) NonClass: 37859K(38208K)->37859K(38208K) Class: 4937K(5248K)->4937K(5248K)
[2023-06-02T10:16:28.809+0700][gc          ] GC(7) Pause Young (Mixed) (G1 Evacuation Pause) 193M->147M(1024M) 20.023ms
[2023-06-02T10:16:28.810+0700][gc,cpu      ] GC(7) User=0.04s Sys=0.02s Real=0.03s
[2023-06-02T10:28:05.852+0700][gc,start    ] GC(8) Pause Young (Normal) (G1 Evacuation Pause)
[2023-06-02T10:28:05.852+0700][gc,task     ] GC(8) Using 8 workers of 8 for evacuation
[2023-06-02T10:28:05.867+0700][gc,phases   ] GC(8)   Pre Evacuate Collection Set: 0.6ms
[2023-06-02T10:28:05.867+0700][gc,phases   ] GC(8)   Merge Heap Roots: 0.2ms
[2023-06-02T10:28:05.867+0700][gc,phases   ] GC(8)   Evacuate Collection Set: 12.7ms
[2023-06-02T10:28:05.867+0700][gc,phases   ] GC(8)   Post Evacuate Collection Set: 0.7ms
[2023-06-02T10:28:05.867+0700][gc,phases   ] GC(8)   Other: 0.3ms
[2023-06-02T10:28:05.867+0700][gc,heap     ] GC(8) Eden regions: 45->0(48)
[2023-06-02T10:28:05.867+0700][gc,heap     ] GC(8) Survivor regions: 6->3(7)
[2023-06-02T10:28:05.867+0700][gc,heap     ] GC(8) Old regions: 13->16
[2023-06-02T10:28:05.867+0700][gc,heap     ] GC(8) Archive regions: 2->2
[2023-06-02T10:28:05.867+0700][gc,heap     ] GC(8) Humongous regions: 129->129
[2023-06-02T10:28:05.867+0700][gc,metaspace] GC(8) Metaspace: 43108K(43712K)->43108K(43712K) NonClass: 38155K(38464K)->38155K(38464K) Class: 4952K(5248K)->4952K(5248K)
[2023-06-02T10:28:05.867+0700][gc          ] GC(8) Pause Young (Normal) (G1 Evacuation Pause) 192M->148M(1024M) 15.138ms
[2023-06-02T10:28:05.867+0700][gc,cpu      ] GC(8) User=0.04s Sys=0.01s Real=0.01s
[2023-06-02T10:38:04.353+0700][gc,start    ] GC(9) Pause Young (Normal) (G1 Evacuation Pause)
[2023-06-02T10:38:04.353+0700][gc,task     ] GC(9) Using 8 workers of 8 for evacuation
[2023-06-02T10:38:04.363+0700][gc,phases   ] GC(9)   Pre Evacuate Collection Set: 0.6ms
[2023-06-02T10:38:04.363+0700][gc,phases   ] GC(9)   Merge Heap Roots: 0.2ms
[2023-06-02T10:38:04.363+0700][gc,phases   ] GC(9)   Evacuate Collection Set: 8.8ms
[2023-06-02T10:38:04.363+0700][gc,phases   ] GC(9)   Post Evacuate Collection Set: 0.4ms
[2023-06-02T10:38:04.363+0700][gc,phases   ] GC(9)   Other: 0.2ms
[2023-06-02T10:38:04.363+0700][gc,heap     ] GC(9) Eden regions: 48->0(47)
[2023-06-02T10:38:04.363+0700][gc,heap     ] GC(9) Survivor regions: 3->4(7)
[2023-06-02T10:38:04.363+0700][gc,heap     ] GC(9) Old regions: 16->16
[2023-06-02T10:38:04.363+0700][gc,heap     ] GC(9) Archive regions: 2->2
[2023-06-02T10:38:04.363+0700][gc,heap     ] GC(9) Humongous regions: 129->129
[2023-06-02T10:38:04.363+0700][gc,metaspace] GC(9) Metaspace: 43185K(43840K)->43185K(43840K) NonClass: 38233K(38592K)->38233K(38592K) Class: 4952K(5248K)->4952K(5248K)
[2023-06-02T10:38:04.363+0700][gc          ] GC(9) Pause Young (Normal) (G1 Evacuation Pause) 196M->149M(1024M) 10.526ms
[2023-06-02T10:38:04.363+0700][gc,cpu      ] GC(9) User=0.02s Sys=0.01s Real=0.01s
[2023-06-02T10:47:58.399+0700][gc,start    ] GC(10) Pause Young (Normal) (G1 Evacuation Pause)
[2023-06-02T10:47:58.399+0700][gc,task     ] GC(10) Using 8 workers of 8 for evacuation
[2023-06-02T10:47:58.420+0700][gc,mmu      ] GC(10) MMU target violated: 21.0ms (20.0ms/21.0ms)
[2023-06-02T10:47:58.420+0700][gc,phases   ] GC(10)   Pre Evacuate Collection Set: 1.0ms
[2023-06-02T10:47:58.420+0700][gc,phases   ] GC(10)   Merge Heap Roots: 0.3ms
[2023-06-02T10:47:58.420+0700][gc,phases   ] GC(10)   Evacuate Collection Set: 18.7ms
[2023-06-02T10:47:58.421+0700][gc,phases   ] GC(10)   Post Evacuate Collection Set: 0.9ms
[2023-06-02T10:47:58.421+0700][gc,phases   ] GC(10)   Other: 0.5ms
[2023-06-02T10:47:58.421+0700][gc,heap     ] GC(10) Eden regions: 47->0(47)
[2023-06-02T10:47:58.421+0700][gc,heap     ] GC(10) Survivor regions: 4->4(7)
[2023-06-02T10:47:58.421+0700][gc,heap     ] GC(10) Old regions: 16->16
[2023-06-02T10:47:58.421+0700][gc,heap     ] GC(10) Archive regions: 2->2
[2023-06-02T10:47:58.421+0700][gc,heap     ] GC(10) Humongous regions: 129->129
[2023-06-02T10:47:58.421+0700][gc,metaspace] GC(10) Metaspace: 43241K(43904K)->43241K(43904K) NonClass: 38286K(38656K)->38286K(38656K) Class: 4955K(5248K)->4955K(5248K)
[2023-06-02T10:47:58.421+0700][gc          ] GC(10) Pause Young (Normal) (G1 Evacuation Pause) 196M->149M(1024M) 21.916ms
[2023-06-02T10:47:58.421+0700][gc,cpu      ] GC(10) User=0.04s Sys=0.02s Real=0.03s
[2023-06-02T10:58:33.727+0700][gc,start    ] GC(11) Pause Young (Normal) (G1 Evacuation Pause)
[2023-06-02T10:58:33.728+0700][gc,task     ] GC(11) Using 8 workers of 8 for evacuation
[2023-06-02T10:58:33.743+0700][gc,phases   ] GC(11)   Pre Evacuate Collection Set: 0.5ms
[2023-06-02T10:58:33.744+0700][gc,phases   ] GC(11)   Merge Heap Roots: 0.2ms
[2023-06-02T10:58:33.744+0700][gc,phases   ] GC(11)   Evacuate Collection Set: 13.5ms
[2023-06-02T10:58:33.744+0700][gc,phases   ] GC(11)   Post Evacuate Collection Set: 0.6ms
[2023-06-02T10:58:33.744+0700][gc,phases   ] GC(11)   Other: 0.3ms
[2023-06-02T10:58:33.744+0700][gc,heap     ] GC(11) Eden regions: 47->0(47)
[2023-06-02T10:58:33.744+0700][gc,heap     ] GC(11) Survivor regions: 4->4(7)
[2023-06-02T10:58:33.744+0700][gc,heap     ] GC(11) Old regions: 16->16
[2023-06-02T10:58:33.744+0700][gc,heap     ] GC(11) Archive regions: 2->2
[2023-06-02T10:58:33.744+0700][gc,heap     ] GC(11) Humongous regions: 129->129
[2023-06-02T10:58:33.744+0700][gc,metaspace] GC(11) Metaspace: 43249K(43904K)->43249K(43904K) NonClass: 38294K(38656K)->38294K(38656K) Class: 4955K(5248K)->4955K(5248K)
[2023-06-02T10:58:33.744+0700][gc          ] GC(11) Pause Young (Normal) (G1 Evacuation Pause) 196M->148M(1024M) 16.984ms
[2023-06-02T10:58:33.744+0700][gc,cpu      ] GC(11) User=0.02s Sys=0.01s Real=0.02s
[2023-06-02T11:05:18.083+0700][gc,heap,exit] Heap
[2023-06-02T11:05:18.084+0700][gc,heap,exit]  garbage-first heap   total 1048576K, used 192157K [0x00000007c0000000, 0x0000000800000000)
[2023-06-02T11:05:18.084+0700][gc,heap,exit]   region size 1024K, 43 young (44032K), 4 survivors (4096K)
[2023-06-02T11:05:18.084+0700][gc,heap,exit]  Metaspace       used 43870K, committed 44544K, reserved 1114112K
[2023-06-02T11:05:18.084+0700][gc,heap,exit]   class space    used 5106K, committed 5440K, reserved 1048576K
