[2023-05-30 16:00:02,584] INFO [Controller id=0 epoch=4] Sending UpdateMetadata request to brokers HashSet(0) for 0 partitions (state.change.logger)
[2023-05-30 16:00:02,610] INFO [Controller id=0 epoch=4] Sending LeaderAndIsr request to broker 0 with 55 become-leader and 0 become-follower partitions (state.change.logger)
[2023-05-30 16:00:02,611] INFO [Controller id=0 epoch=4] Sending UpdateMetadata request to brokers HashSet(0) for 55 partitions (state.change.logger)
[2023-05-30 16:00:02,635] INFO [Broker id=0] Handling LeaderAndIsr request correlationId 1 from controller 0 for 55 partitions (state.change.logger)
[2023-05-30 16:00:02,647] INFO [Broker id=0] Stopped fetchers as part of LeaderAndIsr request correlationId 1 from controller 0 epoch 4 as part of the become-leader transition for 55 partitions (state.change.logger)
[2023-05-30 16:00:02,651] INFO [Broker id=0] Leader __consumer_offsets-3 with topic id Some(JJsrft7PTI2cTbVVQ89WuQ) starts at leader epoch 0 from offset 2 with partition epoch 0, high watermark 2, ISR [0], adding replicas [] and removing replicas []. Previous leader epoch was -1. (state.change.logger)
[2023-05-30 16:00:02,652] INFO [Broker id=0] Leader quickstart-events-0 with topic id Some(awNbkYstQ12F3gq3JyomzQ) starts at leader epoch 0 from offset 0 with partition epoch 0, high watermark 0, ISR [0], adding replicas [] and removing replicas []. Previous leader epoch was -1. (state.change.logger)
[2023-05-30 16:00:02,656] INFO [Broker id=0] Leader __consumer_offsets-18 with topic id Some(JJsrft7PTI2cTbVVQ89WuQ) starts at leader epoch 0 from offset 0 with partition epoch 0, high watermark 0, ISR [0], adding replicas [] and removing replicas []. Previous leader epoch was -1. (state.change.logger)
[2023-05-30 16:00:02,660] INFO [Broker id=0] Leader __consumer_offsets-41 with topic id Some(JJsrft7PTI2cTbVVQ89WuQ) starts at leader epoch 0 from offset 3 with partition epoch 0, high watermark 3, ISR [0], adding replicas [] and removing replicas []. Previous leader epoch was -1. (state.change.logger)
[2023-05-30 16:00:02,660] INFO [Broker id=0] Leader __consumer_offsets-10 with topic id Some(JJsrft7PTI2cTbVVQ89WuQ) starts at leader epoch 0 from offset 0 with partition epoch 0, high watermark 0, ISR [0], adding replicas [] and removing replicas []. Previous leader epoch was -1. (state.change.logger)
[2023-05-30 16:00:02,663] INFO [Broker id=0] Leader kafka-topic-0 with topic id Some(iMu90zZ4QW6O1SjK8DB0RA) starts at leader epoch 0 from offset 1 with partition epoch 0, high watermark 1, ISR [0], adding replicas [] and removing replicas []. Previous leader epoch was -1. (state.change.logger)
[2023-05-30 16:00:02,663] INFO [Broker id=0] Leader __consumer_offsets-33 with topic id Some(JJsrft7PTI2cTbVVQ89WuQ) starts at leader epoch 0 from offset 0 with partition epoch 0, high watermark 0, ISR [0], adding replicas [] and removing replicas []. Previous leader epoch was -1. (state.change.logger)
[2023-05-30 16:00:02,667] INFO [Broker id=0] Leader __consumer_offsets-48 with topic id Some(JJsrft7PTI2cTbVVQ89WuQ) starts at leader epoch 0 from offset 0 with partition epoch 0, high watermark 0, ISR [0], adding replicas [] and removing replicas []. Previous leader epoch was -1. (state.change.logger)
[2023-05-30 16:00:02,671] INFO [Broker id=0] Leader __consumer_offsets-19 with topic id Some(JJsrft7PTI2cTbVVQ89WuQ) starts at leader epoch 0 from offset 0 with partition epoch 0, high watermark 0, ISR [0], adding replicas [] and removing replicas []. Previous leader epoch was -1. (state.change.logger)
[2023-05-30 16:00:02,675] INFO [Broker id=0] Leader __consumer_offsets-34 with topic id Some(JJsrft7PTI2cTbVVQ89WuQ) starts at leader epoch 0 from offset 0 with partition epoch 0, high watermark 0, ISR [0], adding replicas [] and removing replicas []. Previous leader epoch was -1. (state.change.logger)
[2023-05-30 16:00:02,677] INFO [Broker id=0] Leader __consumer_offsets-4 with topic id Some(JJsrft7PTI2cTbVVQ89WuQ) starts at leader epoch 0 from offset 0 with partition epoch 0, high watermark 0, ISR [0], adding replicas [] and removing replicas []. Previous leader epoch was -1. (state.change.logger)
[2023-05-30 16:00:02,681] INFO [Broker id=0] Leader __consumer_offsets-11 with topic id Some(JJsrft7PTI2cTbVVQ89WuQ) starts at leader epoch 0 from offset 0 with partition epoch 0, high watermark 0, ISR [0], adding replicas [] and removing replicas []. Previous leader epoch was -1. (state.change.logger)
[2023-05-30 16:00:02,685] INFO [Broker id=0] Leader __consumer_offsets-26 with topic id Some(JJsrft7PTI2cTbVVQ89WuQ) starts at leader epoch 0 from offset 0 with partition epoch 0, high watermark 0, ISR [0], adding replicas [] and removing replicas []. Previous leader epoch was -1. (state.change.logger)
[2023-05-30 16:00:02,688] INFO [Broker id=0] Leader __consumer_offsets-49 with topic id Some(JJsrft7PTI2cTbVVQ89WuQ) starts at leader epoch 0 from offset 0 with partition epoch 0, high watermark 0, ISR [0], adding replicas [] and removing replicas []. Previous leader epoch was -1. (state.change.logger)
[2023-05-30 16:00:02,691] INFO [Broker id=0] Leader wikimedia-recentchange-0 with topic id Some(K6hVKyq_QFit4MNAeqsHVw) starts at leader epoch 0 from offset 0 with partition epoch 0, high watermark 0, ISR [0], adding replicas [] and removing replicas []. Previous leader epoch was -1. (state.change.logger)
[2023-05-30 16:00:02,695] INFO [Broker id=0] Leader __consumer_offsets-39 with topic id Some(JJsrft7PTI2cTbVVQ89WuQ) starts at leader epoch 0 from offset 0 with partition epoch 0, high watermark 0, ISR [0], adding replicas [] and removing replicas []. Previous leader epoch was -1. (state.change.logger)
[2023-05-30 16:00:02,698] INFO [Broker id=0] Leader __consumer_offsets-9 with topic id Some(JJsrft7PTI2cTbVVQ89WuQ) starts at leader epoch 0 from offset 3 with partition epoch 0, high watermark 3, ISR [0], adding replicas [] and removing replicas []. Previous leader epoch was -1. (state.change.logger)
[2023-05-30 16:00:02,698] INFO [Broker id=0] Leader __consumer_offsets-24 with topic id Some(JJsrft7PTI2cTbVVQ89WuQ) starts at leader epoch 0 from offset 0 with partition epoch 0, high watermark 0, ISR [0], adding replicas [] and removing replicas []. Previous leader epoch was -1. (state.change.logger)
[2023-05-30 16:00:02,702] INFO [Broker id=0] Leader __consumer_offsets-31 with topic id Some(JJsrft7PTI2cTbVVQ89WuQ) starts at leader epoch 0 from offset 0 with partition epoch 0, high watermark 0, ISR [0], adding replicas [] and removing replicas []. Previous leader epoch was -1. (state.change.logger)
[2023-05-30 16:00:02,706] INFO [Broker id=0] Leader __consumer_offsets-46 with topic id Some(JJsrft7PTI2cTbVVQ89WuQ) starts at leader epoch 0 from offset 0 with partition epoch 0, high watermark 0, ISR [0], adding replicas [] and removing replicas []. Previous leader epoch was -1. (state.change.logger)
[2023-05-30 16:00:02,710] INFO [Broker id=0] Leader __consumer_offsets-1 with topic id Some(JJsrft7PTI2cTbVVQ89WuQ) starts at leader epoch 0 from offset 0 with partition epoch 0, high watermark 0, ISR [0], adding replicas [] and removing replicas []. Previous leader epoch was -1. (state.change.logger)
[2023-05-30 16:00:02,714] INFO [Broker id=0] Leader __consumer_offsets-16 with topic id Some(JJsrft7PTI2cTbVVQ89WuQ) starts at leader epoch 0 from offset 0 with partition epoch 0, high watermark 0, ISR [0], adding replicas [] and removing replicas []. Previous leader epoch was -1. (state.change.logger)
[2023-05-30 16:00:02,716] INFO [Broker id=0] Leader __consumer_offsets-2 with topic id Some(JJsrft7PTI2cTbVVQ89WuQ) starts at leader epoch 0 from offset 0 with partition epoch 0, high watermark 0, ISR [0], adding replicas [] and removing replicas []. Previous leader epoch was -1. (state.change.logger)
[2023-05-30 16:00:02,719] INFO [Broker id=0] Leader __consumer_offsets-25 with topic id Some(JJsrft7PTI2cTbVVQ89WuQ) starts at leader epoch 0 from offset 0 with partition epoch 0, high watermark 0, ISR [0], adding replicas [] and removing replicas []. Previous leader epoch was -1. (state.change.logger)
[2023-05-30 16:00:02,722] INFO [Broker id=0] Leader __consumer_offsets-40 with topic id Some(JJsrft7PTI2cTbVVQ89WuQ) starts at leader epoch 0 from offset 3 with partition epoch 0, high watermark 3, ISR [0], adding replicas [] and removing replicas []. Previous leader epoch was -1. (state.change.logger)
[2023-05-30 16:00:02,722] INFO [Broker id=0] Leader __consumer_offsets-47 with topic id Some(JJsrft7PTI2cTbVVQ89WuQ) starts at leader epoch 0 from offset 0 with partition epoch 0, high watermark 0, ISR [0], adding replicas [] and removing replicas []. Previous leader epoch was -1. (state.change.logger)
[2023-05-30 16:00:02,724] INFO [Broker id=0] Leader __consumer_offsets-17 with topic id Some(JJsrft7PTI2cTbVVQ89WuQ) starts at leader epoch 0 from offset 55 with partition epoch 0, high watermark 55, ISR [0], adding replicas [] and removing replicas []. Previous leader epoch was -1. (state.change.logger)
[2023-05-30 16:00:02,724] INFO [Broker id=0] Leader __consumer_offsets-32 with topic id Some(JJsrft7PTI2cTbVVQ89WuQ) starts at leader epoch 0 from offset 0 with partition epoch 0, high watermark 0, ISR [0], adding replicas [] and removing replicas []. Previous leader epoch was -1. (state.change.logger)
[2023-05-30 16:00:02,728] INFO [Broker id=0] Leader __consumer_offsets-37 with topic id Some(JJsrft7PTI2cTbVVQ89WuQ) starts at leader epoch 0 from offset 2 with partition epoch 0, high watermark 2, ISR [0], adding replicas [] and removing replicas []. Previous leader epoch was -1. (state.change.logger)
[2023-05-30 16:00:02,728] INFO [Broker id=0] Leader __consumer_offsets-7 with topic id Some(JJsrft7PTI2cTbVVQ89WuQ) starts at leader epoch 0 from offset 0 with partition epoch 0, high watermark 0, ISR [0], adding replicas [] and removing replicas []. Previous leader epoch was -1. (state.change.logger)
[2023-05-30 16:00:02,732] INFO [Broker id=0] Leader __consumer_offsets-22 with topic id Some(JJsrft7PTI2cTbVVQ89WuQ) starts at leader epoch 0 from offset 0 with partition epoch 0, high watermark 0, ISR [0], adding replicas [] and removing replicas []. Previous leader epoch was -1. (state.change.logger)
[2023-05-30 16:00:02,736] INFO [Broker id=0] Leader __consumer_offsets-29 with topic id Some(JJsrft7PTI2cTbVVQ89WuQ) starts at leader epoch 0 from offset 0 with partition epoch 0, high watermark 0, ISR [0], adding replicas [] and removing replicas []. Previous leader epoch was -1. (state.change.logger)
[2023-05-30 16:00:02,738] INFO [Broker id=0] Leader __consumer_offsets-44 with topic id Some(JJsrft7PTI2cTbVVQ89WuQ) starts at leader epoch 0 from offset 0 with partition epoch 0, high watermark 0, ISR [0], adding replicas [] and removing replicas []. Previous leader epoch was -1. (state.change.logger)
[2023-05-30 16:00:02,742] INFO [Broker id=0] Leader __consumer_offsets-14 with topic id Some(JJsrft7PTI2cTbVVQ89WuQ) starts at leader epoch 0 from offset 0 with partition epoch 0, high watermark 0, ISR [0], adding replicas [] and removing replicas []. Previous leader epoch was -1. (state.change.logger)
[2023-05-30 16:00:02,746] INFO [Broker id=0] Leader wikimedia_recentchange-0 with topic id Some(Y_YOQk-UTI6c3IrV0JCUFw) starts at leader epoch 0 from offset 1607 with partition epoch 0, high watermark 1607, ISR [0], adding replicas [] and removing replicas []. Previous leader epoch was -1. (state.change.logger)
[2023-05-30 16:00:02,746] INFO [Broker id=0] Leader __consumer_offsets-23 with topic id Some(JJsrft7PTI2cTbVVQ89WuQ) starts at leader epoch 0 from offset 0 with partition epoch 0, high watermark 0, ISR [0], adding replicas [] and removing replicas []. Previous leader epoch was -1. (state.change.logger)
[2023-05-30 16:00:02,750] INFO [Broker id=0] Leader __consumer_offsets-38 with topic id Some(JJsrft7PTI2cTbVVQ89WuQ) starts at leader epoch 0 from offset 0 with partition epoch 0, high watermark 0, ISR [0], adding replicas [] and removing replicas []. Previous leader epoch was -1. (state.change.logger)
[2023-05-30 16:00:02,752] INFO [Broker id=0] Leader __consumer_offsets-8 with topic id Some(JJsrft7PTI2cTbVVQ89WuQ) starts at leader epoch 0 from offset 3 with partition epoch 0, high watermark 3, ISR [0], adding replicas [] and removing replicas []. Previous leader epoch was -1. (state.change.logger)
[2023-05-30 16:00:02,752] INFO [Broker id=0] Leader __consumer_offsets-45 with topic id Some(JJsrft7PTI2cTbVVQ89WuQ) starts at leader epoch 0 from offset 0 with partition epoch 0, high watermark 0, ISR [0], adding replicas [] and removing replicas []. Previous leader epoch was -1. (state.change.logger)
[2023-05-30 16:00:02,756] INFO [Broker id=0] Leader __consumer_offsets-15 with topic id Some(JJsrft7PTI2cTbVVQ89WuQ) starts at leader epoch 0 from offset 0 with partition epoch 0, high watermark 0, ISR [0], adding replicas [] and removing replicas []. Previous leader epoch was -1. (state.change.logger)
[2023-05-30 16:00:02,760] INFO [Broker id=0] Leader __consumer_offsets-30 with topic id Some(JJsrft7PTI2cTbVVQ89WuQ) starts at leader epoch 0 from offset 3 with partition epoch 0, high watermark 3, ISR [0], adding replicas [] and removing replicas []. Previous leader epoch was -1. (state.change.logger)
[2023-05-30 16:00:02,760] INFO [Broker id=0] Leader __consumer_offsets-0 with topic id Some(JJsrft7PTI2cTbVVQ89WuQ) starts at leader epoch 0 from offset 0 with partition epoch 0, high watermark 0, ISR [0], adding replicas [] and removing replicas []. Previous leader epoch was -1. (state.change.logger)
[2023-05-30 16:00:02,763] INFO [Broker id=0] Leader __consumer_offsets-35 with topic id Some(JJsrft7PTI2cTbVVQ89WuQ) starts at leader epoch 0 from offset 0 with partition epoch 0, high watermark 0, ISR [0], adding replicas [] and removing replicas []. Previous leader epoch was -1. (state.change.logger)
[2023-05-30 16:00:02,767] INFO [Broker id=0] Leader __consumer_offsets-5 with topic id Some(JJsrft7PTI2cTbVVQ89WuQ) starts at leader epoch 0 from offset 2 with partition epoch 0, high watermark 2, ISR [0], adding replicas [] and removing replicas []. Previous leader epoch was -1. (state.change.logger)
[2023-05-30 16:00:02,767] INFO [Broker id=0] Leader __consumer_offsets-20 with topic id Some(JJsrft7PTI2cTbVVQ89WuQ) starts at leader epoch 0 from offset 0 with partition epoch 0, high watermark 0, ISR [0], adding replicas [] and removing replicas []. Previous leader epoch was -1. (state.change.logger)
[2023-05-30 16:00:02,771] INFO [Broker id=0] Leader kafka-json-topic-0 with topic id Some(oqlFBr9NRyaR3JUx0emDBw) starts at leader epoch 0 from offset 8 with partition epoch 0, high watermark 8, ISR [0], adding replicas [] and removing replicas []. Previous leader epoch was -1. (state.change.logger)
[2023-05-30 16:00:02,771] INFO [Broker id=0] Leader __consumer_offsets-27 with topic id Some(JJsrft7PTI2cTbVVQ89WuQ) starts at leader epoch 0 from offset 0 with partition epoch 0, high watermark 0, ISR [0], adding replicas [] and removing replicas []. Previous leader epoch was -1. (state.change.logger)
[2023-05-30 16:00:02,775] INFO [Broker id=0] Leader __consumer_offsets-42 with topic id Some(JJsrft7PTI2cTbVVQ89WuQ) starts at leader epoch 0 from offset 0 with partition epoch 0, high watermark 0, ISR [0], adding replicas [] and removing replicas []. Previous leader epoch was -1. (state.change.logger)
[2023-05-30 16:00:02,779] INFO [Broker id=0] Leader __consumer_offsets-12 with topic id Some(JJsrft7PTI2cTbVVQ89WuQ) starts at leader epoch 0 from offset 0 with partition epoch 0, high watermark 0, ISR [0], adding replicas [] and removing replicas []. Previous leader epoch was -1. (state.change.logger)
[2023-05-30 16:00:02,782] INFO [Broker id=0] Leader __consumer_offsets-21 with topic id Some(JJsrft7PTI2cTbVVQ89WuQ) starts at leader epoch 0 from offset 0 with partition epoch 0, high watermark 0, ISR [0], adding replicas [] and removing replicas []. Previous leader epoch was -1. (state.change.logger)
[2023-05-30 16:00:02,786] INFO [Broker id=0] Leader __consumer_offsets-36 with topic id Some(JJsrft7PTI2cTbVVQ89WuQ) starts at leader epoch 0 from offset 0 with partition epoch 0, high watermark 0, ISR [0], adding replicas [] and removing replicas []. Previous leader epoch was -1. (state.change.logger)
[2023-05-30 16:00:02,790] INFO [Broker id=0] Leader __consumer_offsets-6 with topic id Some(JJsrft7PTI2cTbVVQ89WuQ) starts at leader epoch 0 from offset 0 with partition epoch 0, high watermark 0, ISR [0], adding replicas [] and removing replicas []. Previous leader epoch was -1. (state.change.logger)
[2023-05-30 16:00:02,794] INFO [Broker id=0] Leader __consumer_offsets-43 with topic id Some(JJsrft7PTI2cTbVVQ89WuQ) starts at leader epoch 0 from offset 0 with partition epoch 0, high watermark 0, ISR [0], adding replicas [] and removing replicas []. Previous leader epoch was -1. (state.change.logger)
[2023-05-30 16:00:02,798] INFO [Broker id=0] Leader __consumer_offsets-13 with topic id Some(JJsrft7PTI2cTbVVQ89WuQ) starts at leader epoch 0 from offset 0 with partition epoch 0, high watermark 0, ISR [0], adding replicas [] and removing replicas []. Previous leader epoch was -1. (state.change.logger)
[2023-05-30 16:00:02,802] INFO [Broker id=0] Leader __consumer_offsets-28 with topic id Some(JJsrft7PTI2cTbVVQ89WuQ) starts at leader epoch 0 from offset 0 with partition epoch 0, high watermark 0, ISR [0], adding replicas [] and removing replicas []. Previous leader epoch was -1. (state.change.logger)
[2023-05-30 16:00:02,815] INFO [Broker id=0] Finished LeaderAndIsr request in 181ms correlationId 1 from controller 0 for 55 partitions (state.change.logger)
[2023-05-30 16:00:02,820] INFO [Broker id=0] Add 55 partitions and deleted 0 partitions from metadata cache in response to UpdateMetadata request sent by controller 0 epoch 4 with correlation id 2 (state.change.logger)
